<?xml version="1.0" encoding="UTF-8"?>
<!-- Generated by org.testng.reporters.JUnitReportReporter -->
<testsuite hostname="liuxiaodeMacBook-Pro.local" name="test.NewTest" tests="1" failures="0" timestamp="13 Nov 2015 09:02:12 GMT" time="0.356" errors="0">
  <testcase name="f" time="0.356" classname="test.NewTest"/>
</testsuite> <!-- test.NewTest -->
